1770619171.253397 client started (20937): version 3.6a, socket /private/tmp/tmux-501/default, protocol 8
1770619171.253486 on Darwin 25.2.0 Darwin Kernel Version 25.2.0: Tue Nov 18 21:09:55 PST 2025; root:xnu-12377.61.12~1/RELEASE_ARM64_T8103
1770619171.253500 using libevent 2.1.12-stable select
1770619171.253738 using utf8proc 2.11.3
1770619171.253759 using ncurses 6.5 20240427
1770619171.253783 flags are 0x18010000
1770619171.253793 socket is /private/tmp/tmux-501/default
1770619171.253809 trying connect
1770619171.253830 connect failed: Connection refused
1770619171.253848 lock file is /private/tmp/tmux-501/default.lock
1770619171.254151 flock succeeded
1770619171.254163 got lock (6)
1770619171.254173 trying connect
1770619171.254186 connect failed: Connection refused
1770619171.254822 add peer 0x1015999c0: 7 (0x0)
1770619171.257860 sending message 111 to peer 0x1015999c0 (8 bytes)
1770619171.257882 sending message 111 to peer 0x1015999c0 (8 bytes)
1770619171.257893 sending message 101 to peer 0x1015999c0 (15 bytes)
1770619171.257904 sending message 109 to peer 0x1015999c0 (4 bytes)
1770619171.257914 sending message 102 to peer 0x1015999c0 (13 bytes)
1770619171.257923 sending message 108 to peer 0x1015999c0 (53 bytes)
1770619171.257934 sending message 112 to peer 0x1015999c0 (58 bytes)
1770619171.257944 sending message 112 to peer 0x1015999c0 (5 bytes)
1770619171.257954 sending message 112 to peer 0x1015999c0 (5 bytes)
1770619171.257969 sending message 112 to peer 0x1015999c0 (6 bytes)
1770619171.257981 sending message 112 to peer 0x1015999c0 (6 bytes)
1770619171.257990 sending message 112 to peer 0x1015999c0 (11 bytes)
1770619171.258000 sending message 112 to peer 0x1015999c0 (10 bytes)
1770619171.258011 sending message 112 to peer 0x1015999c0 (13 bytes)
1770619171.258021 sending message 112 to peer 0x1015999c0 (14 bytes)
1770619171.258031 sending message 112 to peer 0x1015999c0 (19 bytes)
1770619171.258040 sending message 112 to peer 0x1015999c0 (11 bytes)
1770619171.258050 sending message 112 to peer 0x1015999c0 (10 bytes)
1770619171.258059 sending message 112 to peer 0x1015999c0 (15 bytes)
1770619171.258069 sending message 112 to peer 0x1015999c0 (21 bytes)
1770619171.258078 sending message 112 to peer 0x1015999c0 (13 bytes)
1770619171.258085 sending message 112 to peer 0x1015999c0 (7 bytes)
1770619171.258095 sending message 112 to peer 0x1015999c0 (13 bytes)
1770619171.258104 sending message 112 to peer 0x1015999c0 (7 bytes)
1770619171.258113 sending message 112 to peer 0x1015999c0 (13 bytes)
1770619171.258123 sending message 112 to peer 0x1015999c0 (9 bytes)
1770619171.258132 sending message 112 to peer 0x1015999c0 (21 bytes)
1770619171.258141 sending message 112 to peer 0x1015999c0 (13 bytes)
1770619171.258150 sending message 112 to peer 0x1015999c0 (9 bytes)
1770619171.258160 sending message 112 to peer 0x1015999c0 (16 bytes)
1770619171.258170 sending message 112 to peer 0x1015999c0 (13 bytes)
1770619171.258179 sending message 112 to peer 0x1015999c0 (9 bytes)
1770619171.258189 sending message 112 to peer 0x1015999c0 (9 bytes)
1770619171.258198 sending message 112 to peer 0x1015999c0 (12 bytes)
1770619171.258208 sending message 112 to peer 0x1015999c0 (8 bytes)
1770619171.258217 sending message 112 to peer 0x1015999c0 (8 bytes)
1770619171.258226 sending message 112 to peer 0x1015999c0 (13 bytes)
1770619171.258235 sending message 112 to peer 0x1015999c0 (7 bytes)
1770619171.258244 sending message 112 to peer 0x1015999c0 (7 bytes)
1770619171.258253 sending message 112 to peer 0x1015999c0 (9 bytes)
1770619171.258263 sending message 112 to peer 0x1015999c0 (9 bytes)
1770619171.258272 sending message 112 to peer 0x1015999c0 (15 bytes)
1770619171.258281 sending message 112 to peer 0x1015999c0 (13 bytes)
1770619171.258290 sending message 112 to peer 0x1015999c0 (12 bytes)
1770619171.258299 sending message 112 to peer 0x1015999c0 (8 bytes)
1770619171.258307 sending message 112 to peer 0x1015999c0 (14 bytes)
1770619171.258316 sending message 112 to peer 0x1015999c0 (11 bytes)
1770619171.258325 sending message 112 to peer 0x1015999c0 (9 bytes)
1770619171.258346 sending message 112 to peer 0x1015999c0 (10 bytes)
1770619171.258353 sending message 112 to peer 0x1015999c0 (10 bytes)
1770619171.258360 sending message 112 to peer 0x1015999c0 (10 bytes)
1770619171.258367 sending message 112 to peer 0x1015999c0 (10 bytes)
1770619171.258376 sending message 112 to peer 0x1015999c0 (11 bytes)
1770619171.258384 sending message 112 to peer 0x1015999c0 (12 bytes)
1770619171.258390 sending message 112 to peer 0x1015999c0 (12 bytes)
1770619171.258399 sending message 112 to peer 0x1015999c0 (12 bytes)
1770619171.258406 sending message 112 to peer 0x1015999c0 (12 bytes)
1770619171.258418 sending message 112 to peer 0x1015999c0 (12 bytes)
1770619171.258426 sending message 112 to peer 0x1015999c0 (11 bytes)
1770619171.258433 sending message 112 to peer 0x1015999c0 (11 bytes)
1770619171.258440 sending message 112 to peer 0x1015999c0 (12 bytes)
1770619171.258448 sending message 112 to peer 0x1015999c0 (12 bytes)
1770619171.258455 sending message 112 to peer 0x1015999c0 (12 bytes)
1770619171.258462 sending message 112 to peer 0x1015999c0 (12 bytes)
1770619171.258470 sending message 112 to peer 0x1015999c0 (12 bytes)
1770619171.258476 sending message 112 to peer 0x1015999c0 (9 bytes)
1770619171.258484 sending message 112 to peer 0x1015999c0 (12 bytes)
1770619171.258491 sending message 112 to peer 0x1015999c0 (13 bytes)
1770619171.258498 sending message 112 to peer 0x1015999c0 (13 bytes)
1770619171.258504 sending message 112 to peer 0x1015999c0 (13 bytes)
1770619171.258511 sending message 112 to peer 0x1015999c0 (13 bytes)
1770619171.258518 sending message 112 to peer 0x1015999c0 (13 bytes)
1770619171.258526 sending message 112 to peer 0x1015999c0 (8 bytes)
1770619171.258533 sending message 112 to peer 0x1015999c0 (11 bytes)
1770619171.258538 sending message 112 to peer 0x1015999c0 (11 bytes)
1770619171.258543 sending message 112 to peer 0x1015999c0 (11 bytes)
1770619171.258550 sending message 112 to peer 0x1015999c0 (12 bytes)
1770619171.258558 sending message 112 to peer 0x1015999c0 (12 bytes)
1770619171.258567 sending message 112 to peer 0x1015999c0 (12 bytes)
1770619171.258574 sending message 112 to peer 0x1015999c0 (12 bytes)
1770619171.258581 sending message 112 to peer 0x1015999c0 (13 bytes)
1770619171.258588 sending message 112 to peer 0x1015999c0 (13 bytes)
1770619171.258595 sending message 112 to peer 0x1015999c0 (13 bytes)
1770619171.258603 sending message 112 to peer 0x1015999c0 (8 bytes)
1770619171.258610 sending message 112 to peer 0x1015999c0 (13 bytes)
1770619171.258617 sending message 112 to peer 0x1015999c0 (13 bytes)
1770619171.258624 sending message 112 to peer 0x1015999c0 (13 bytes)
1770619171.258631 sending message 112 to peer 0x1015999c0 (13 bytes)
1770619171.258638 sending message 112 to peer 0x1015999c0 (13 bytes)
1770619171.258646 sending message 112 to peer 0x1015999c0 (12 bytes)
1770619171.258653 sending message 112 to peer 0x1015999c0 (12 bytes)
1770619171.258661 sending message 112 to peer 0x1015999c0 (12 bytes)
1770619171.258669 sending message 112 to peer 0x1015999c0 (12 bytes)
1770619171.258677 sending message 112 to peer 0x1015999c0 (13 bytes)
1770619171.258683 sending message 112 to peer 0x1015999c0 (8 bytes)
1770619171.258690 sending message 112 to peer 0x1015999c0 (13 bytes)
1770619171.258697 sending message 112 to peer 0x1015999c0 (13 bytes)
1770619171.258704 sending message 112 to peer 0x1015999c0 (13 bytes)
1770619171.258711 sending message 112 to peer 0x1015999c0 (13 bytes)
1770619171.258719 sending message 112 to peer 0x1015999c0 (13 bytes)
1770619171.258726 sending message 112 to peer 0x1015999c0 (13 bytes)
1770619171.258733 sending message 112 to peer 0x1015999c0 (13 bytes)
1770619171.258740 sending message 112 to peer 0x1015999c0 (12 bytes)
1770619171.258747 sending message 112 to peer 0x1015999c0 (12 bytes)
1770619171.258755 sending message 112 to peer 0x1015999c0 (12 bytes)
1770619171.258760 sending message 112 to peer 0x1015999c0 (8 bytes)
1770619171.258765 sending message 112 to peer 0x1015999c0 (12 bytes)
1770619171.258773 sending message 112 to peer 0x1015999c0 (13 bytes)
1770619171.258790 sending message 112 to peer 0x1015999c0 (13 bytes)
1770619171.258798 sending message 112 to peer 0x1015999c0 (13 bytes)
1770619171.258805 sending message 112 to peer 0x1015999c0 (13 bytes)
1770619171.258812 sending message 112 to peer 0x1015999c0 (13 bytes)
1770619171.258819 sending message 112 to peer 0x1015999c0 (13 bytes)
1770619171.258827 sending message 112 to peer 0x1015999c0 (13 bytes)
1770619171.258835 sending message 112 to peer 0x1015999c0 (13 bytes)
1770619171.258843 sending message 112 to peer 0x1015999c0 (12 bytes)
1770619171.258851 sending message 112 to peer 0x1015999c0 (10 bytes)
1770619171.258857 sending message 112 to peer 0x1015999c0 (12 bytes)
1770619171.258864 sending message 112 to peer 0x1015999c0 (12 bytes)
1770619171.258871 sending message 112 to peer 0x1015999c0 (12 bytes)
1770619171.258878 sending message 112 to peer 0x1015999c0 (13 bytes)
1770619171.258885 sending message 112 to peer 0x1015999c0 (13 bytes)
1770619171.258892 sending message 112 to peer 0x1015999c0 (13 bytes)
1770619171.258900 sending message 112 to peer 0x1015999c0 (13 bytes)
1770619171.258908 sending message 112 to peer 0x1015999c0 (13 bytes)
1770619171.258913 sending message 112 to peer 0x1015999c0 (13 bytes)
1770619171.258920 sending message 112 to peer 0x1015999c0 (13 bytes)
1770619171.258928 sending message 112 to peer 0x1015999c0 (10 bytes)
1770619171.258935 sending message 112 to peer 0x1015999c0 (13 bytes)
1770619171.258943 sending message 112 to peer 0x1015999c0 (12 bytes)
1770619171.258951 sending message 112 to peer 0x1015999c0 (12 bytes)
1770619171.258960 sending message 112 to peer 0x1015999c0 (12 bytes)
1770619171.258968 sending message 112 to peer 0x1015999c0 (10 bytes)
1770619171.258976 sending message 112 to peer 0x1015999c0 (10 bytes)
1770619171.258982 sending message 112 to peer 0x1015999c0 (10 bytes)
1770619171.258989 sending message 112 to peer 0x1015999c0 (12 bytes)
1770619171.258995 sending message 112 to peer 0x1015999c0 (13 bytes)
1770619171.259002 sending message 112 to peer 0x1015999c0 (13 bytes)
1770619171.259009 sending message 112 to peer 0x1015999c0 (13 bytes)
1770619171.259016 sending message 112 to peer 0x1015999c0 (13 bytes)
1770619171.259023 sending message 112 to peer 0x1015999c0 (13 bytes)
1770619171.259030 sending message 112 to peer 0x1015999c0 (10 bytes)
1770619171.259037 sending message 112 to peer 0x1015999c0 (11 bytes)
1770619171.259044 sending message 112 to peer 0x1015999c0 (12 bytes)
1770619171.259051 sending message 112 to peer 0x1015999c0 (12 bytes)
1770619171.259058 sending message 112 to peer 0x1015999c0 (12 bytes)
1770619171.259066 sending message 112 to peer 0x1015999c0 (12 bytes)
1770619171.259073 sending message 112 to peer 0x1015999c0 (12 bytes)
1770619171.259080 sending message 112 to peer 0x1015999c0 (11 bytes)
1770619171.259087 sending message 112 to peer 0x1015999c0 (12 bytes)
1770619171.259094 sending message 112 to peer 0x1015999c0 (12 bytes)
1770619171.259100 sending message 112 to peer 0x1015999c0 (13 bytes)
1770619171.259107 sending message 112 to peer 0x1015999c0 (13 bytes)
1770619171.259114 sending message 112 to peer 0x1015999c0 (13 bytes)
1770619171.259121 sending message 112 to peer 0x1015999c0 (13 bytes)
1770619171.259128 sending message 112 to peer 0x1015999c0 (13 bytes)
1770619171.259135 sending message 112 to peer 0x1015999c0 (10 bytes)
1770619171.259142 sending message 112 to peer 0x1015999c0 (9 bytes)
1770619171.259149 sending message 112 to peer 0x1015999c0 (12 bytes)
1770619171.259158 sending message 112 to peer 0x1015999c0 (13 bytes)
1770619171.259165 sending message 112 to peer 0x1015999c0 (13 bytes)
1770619171.259174 sending message 112 to peer 0x1015999c0 (13 bytes)
1770619171.259182 sending message 112 to peer 0x1015999c0 (13 bytes)
1770619171.259190 sending message 112 to peer 0x1015999c0 (13 bytes)
1770619171.259198 sending message 112 to peer 0x1015999c0 (9 bytes)
1770619171.259207 sending message 112 to peer 0x1015999c0 (12 bytes)
1770619171.259213 sending message 112 to peer 0x1015999c0 (13 bytes)
1770619171.259230 sending message 112 to peer 0x1015999c0 (13 bytes)
1770619171.259236 sending message 112 to peer 0x1015999c0 (13 bytes)
1770619171.259243 sending message 112 to peer 0x1015999c0 (13 bytes)
1770619171.259250 sending message 112 to peer 0x1015999c0 (13 bytes)
1770619171.259257 sending message 112 to peer 0x1015999c0 (11 bytes)
1770619171.259264 sending message 112 to peer 0x1015999c0 (12 bytes)
1770619171.259271 sending message 112 to peer 0x1015999c0 (13 bytes)
1770619171.259279 sending message 112 to peer 0x1015999c0 (13 bytes)
1770619171.259287 sending message 112 to peer 0x1015999c0 (13 bytes)
1770619171.259294 sending message 112 to peer 0x1015999c0 (13 bytes)
1770619171.259301 sending message 112 to peer 0x1015999c0 (13 bytes)
1770619171.259308 sending message 112 to peer 0x1015999c0 (11 bytes)
1770619171.259317 sending message 112 to peer 0x1015999c0 (12 bytes)
1770619171.259324 sending message 112 to peer 0x1015999c0 (12 bytes)
1770619171.259331 sending message 112 to peer 0x1015999c0 (12 bytes)
1770619171.259338 sending message 112 to peer 0x1015999c0 (12 bytes)
1770619171.259346 sending message 112 to peer 0x1015999c0 (12 bytes)
1770619171.259353 sending message 112 to peer 0x1015999c0 (21 bytes)
1770619171.259361 sending message 112 to peer 0x1015999c0 (12 bytes)
1770619171.259370 sending message 112 to peer 0x1015999c0 (9 bytes)
1770619171.259378 sending message 112 to peer 0x1015999c0 (6 bytes)
1770619171.259385 sending message 112 to peer 0x1015999c0 (13 bytes)
1770619171.259392 sending message 112 to peer 0x1015999c0 (10 bytes)
1770619171.259400 sending message 112 to peer 0x1015999c0 (15 bytes)
1770619171.259410 sending message 112 to peer 0x1015999c0 (13 bytes)
1770619171.259418 sending message 112 to peer 0x1015999c0 (9 bytes)
1770619171.259426 sending message 112 to peer 0x1015999c0 (70 bytes)
1770619171.259434 sending message 112 to peer 0x1015999c0 (69 bytes)
1770619171.259443 sending message 112 to peer 0x1015999c0 (73 bytes)
1770619171.259452 sending message 112 to peer 0x1015999c0 (12 bytes)
1770619171.259460 sending message 112 to peer 0x1015999c0 (10 bytes)
1770619171.259467 sending message 112 to peer 0x1015999c0 (10 bytes)
1770619171.259475 sending message 112 to peer 0x1015999c0 (15 bytes)
1770619171.259482 sending message 112 to peer 0x1015999c0 (13 bytes)
1770619171.259489 sending message 112 to peer 0x1015999c0 (10 bytes)
1770619171.259496 sending message 112 to peer 0x1015999c0 (10 bytes)
1770619171.259503 sending message 112 to peer 0x1015999c0 (17 bytes)
1770619171.259510 sending message 112 to peer 0x1015999c0 (10 bytes)
1770619171.259518 sending message 112 to peer 0x1015999c0 (13 bytes)
1770619171.259525 sending message 112 to peer 0x1015999c0 (15 bytes)
1770619171.259532 sending message 112 to peer 0x1015999c0 (5 bytes)
1770619171.259540 sending message 104 to peer 0x1015999c0 (0 bytes)
1770619171.259549 sending message 110 to peer 0x1015999c0 (0 bytes)
1770619171.259556 sending message 107 to peer 0x1015999c0 (4 bytes)
1770619171.259563 sending message 105 to peer 0x1015999c0 (60 bytes)
1770619171.259571 sending message 105 to peer 0x1015999c0 (66 bytes)
1770619171.259578 sending message 105 to peer 0x1015999c0 (26 bytes)
1770619171.259588 sending message 105 to peer 0x1015999c0 (14 bytes)
1770619171.259593 sending message 105 to peer 0x1015999c0 (22 bytes)
1770619171.259602 sending message 105 to peer 0x1015999c0 (18 bytes)
1770619171.259608 sending message 105 to peer 0x1015999c0 (14 bytes)
1770619171.259616 sending message 105 to peer 0x1015999c0 (17 bytes)
1770619171.259624 sending message 105 to peer 0x1015999c0 (57 bytes)
1770619171.259632 sending message 105 to peer 0x1015999c0 (15 bytes)
1770619171.259641 sending message 105 to peer 0x1015999c0 (43 bytes)
1770619171.259648 sending message 105 to peer 0x1015999c0 (42 bytes)
1770619171.259655 sending message 105 to peer 0x1015999c0 (27 bytes)
1770619171.259661 sending message 105 to peer 0x1015999c0 (23 bytes)
1770619171.259667 sending message 105 to peer 0x1015999c0 (983 bytes)
1770619171.259694 sending message 105 to peer 0x1015999c0 (19 bytes)
1770619171.259702 sending message 105 to peer 0x1015999c0 (20 bytes)
1770619171.259709 sending message 105 to peer 0x1015999c0 (22 bytes)
1770619171.259715 sending message 105 to peer 0x1015999c0 (20 bytes)
1770619171.259722 sending message 105 to peer 0x1015999c0 (86 bytes)
1770619171.259730 sending message 105 to peer 0x1015999c0 (20 bytes)
1770619171.259737 sending message 105 to peer 0x1015999c0 (57 bytes)
1770619171.259743 sending message 105 to peer 0x1015999c0 (13 bytes)
1770619171.259749 sending message 105 to peer 0x1015999c0 (19 bytes)
1770619171.259756 sending message 105 to peer 0x1015999c0 (16 bytes)
1770619171.259762 sending message 105 to peer 0x1015999c0 (33 bytes)
1770619171.259768 sending message 105 to peer 0x1015999c0 (61 bytes)
1770619171.259774 sending message 105 to peer 0x1015999c0 (8 bytes)
1770619171.259780 sending message 105 to peer 0x1015999c0 (22 bytes)
1770619171.259786 sending message 105 to peer 0x1015999c0 (48 bytes)
1770619171.259792 sending message 105 to peer 0x1015999c0 (30 bytes)
1770619171.259799 sending message 105 to peer 0x1015999c0 (37 bytes)
1770619171.259805 sending message 105 to peer 0x1015999c0 (34 bytes)
1770619171.259811 sending message 105 to peer 0x1015999c0 (35 bytes)
1770619171.259817 sending message 105 to peer 0x1015999c0 (12 bytes)
1770619171.259823 sending message 105 to peer 0x1015999c0 (22 bytes)
1770619171.259828 sending message 105 to peer 0x1015999c0 (30 bytes)
1770619171.259834 sending message 105 to peer 0x1015999c0 (11 bytes)
1770619171.259845 sending message 105 to peer 0x1015999c0 (8 bytes)
1770619171.259852 sending message 105 to peer 0x1015999c0 (32 bytes)
1770619171.259858 sending message 105 to peer 0x1015999c0 (10 bytes)
1770619171.259864 sending message 105 to peer 0x1015999c0 (87 bytes)
1770619171.259871 sending message 105 to peer 0x1015999c0 (32 bytes)
1770619171.259877 sending message 105 to peer 0x1015999c0 (84 bytes)
1770619171.259883 sending message 105 to peer 0x1015999c0 (32 bytes)
1770619171.259889 sending message 105 to peer 0x1015999c0 (40 bytes)
1770619171.259896 sending message 105 to peer 0x1015999c0 (18 bytes)
1770619171.259902 sending message 105 to peer 0x1015999c0 (45 bytes)
1770619171.259907 sending message 105 to peer 0x1015999c0 (27 bytes)
1770619171.259911 sending message 105 to peer 0x1015999c0 (25 bytes)
1770619171.259916 sending message 105 to peer 0x1015999c0 (15 bytes)
1770619171.259922 sending message 105 to peer 0x1015999c0 (25 bytes)
1770619171.259928 sending message 106 to peer 0x1015999c0 (0 bytes)
1770619171.317288 sending message 200 to peer 0x1015999c0 (4 bytes)
1770619171.317301 client loop enter
1770619171.317330 client_signal: Child exited: 20
1770619171.336993 peer 0x1015999c0 message 207
1770619171.337003 sending message 208 to peer 0x1015999c0 (0 bytes)
1770619179.986562 peer 0x1015999c0 message 201
1770619179.986600 sending message 205 to peer 0x1015999c0 (0 bytes)
1770619179.988075 peer 0x1015999c0 message 204
1770619179.988096 client loop exit
